/home/juddbe/AutoRover/install/rover/lib/python3.12/site-packages/rover/mapping.py
/home/juddbe/AutoRover/install/rover/lib/python3.12/site-packages/rover/controller.py
/home/juddbe/AutoRover/install/rover/lib/python3.12/site-packages/rover/old_track.py
/home/juddbe/AutoRover/install/rover/lib/python3.12/site-packages/rover/__init__.py
/home/juddbe/AutoRover/install/rover/lib/python3.12/site-packages/rover/path_tracking.py
/home/juddbe/AutoRover/install/rover/lib/python3.12/site-packages/rover/localization.py
/home/juddbe/AutoRover/install/rover/lib/python3.12/site-packages/rover/DStarLite.py
/home/juddbe/AutoRover/install/rover/lib/python3.12/site-packages/rover/path_planning.py
/home/juddbe/AutoRover/install/rover/lib/python3.12/site-packages/rover/PriorityQueue.py
/home/juddbe/AutoRover/install/rover/lib/python3.12/site-packages/rover/__pycache__/mapping.cpython-312.pyc
/home/juddbe/AutoRover/install/rover/lib/python3.12/site-packages/rover/__pycache__/controller.cpython-312.pyc
/home/juddbe/AutoRover/install/rover/lib/python3.12/site-packages/rover/__pycache__/old_track.cpython-312.pyc
/home/juddbe/AutoRover/install/rover/lib/python3.12/site-packages/rover/__pycache__/__init__.cpython-312.pyc
/home/juddbe/AutoRover/install/rover/lib/python3.12/site-packages/rover/__pycache__/path_tracking.cpython-312.pyc
/home/juddbe/AutoRover/install/rover/lib/python3.12/site-packages/rover/__pycache__/localization.cpython-312.pyc
/home/juddbe/AutoRover/install/rover/lib/python3.12/site-packages/rover/__pycache__/DStarLite.cpython-312.pyc
/home/juddbe/AutoRover/install/rover/lib/python3.12/site-packages/rover/__pycache__/path_planning.cpython-312.pyc
/home/juddbe/AutoRover/install/rover/lib/python3.12/site-packages/rover/__pycache__/PriorityQueue.cpython-312.pyc
/home/juddbe/AutoRover/install/rover/share/ament_index/resource_index/packages/rover
/home/juddbe/AutoRover/install/rover/share/rover/package.xml
/home/juddbe/AutoRover/install/rover/share/rover/models/my_robot.urdf.xacro
/home/juddbe/AutoRover/install/rover/share/rover/models/my_robot.xacro
/home/juddbe/AutoRover/install/rover/share/rover/models/model.config
/home/juddbe/AutoRover/install/rover/share/rover/models/my_robot.urdf
/home/juddbe/AutoRover/install/rover/share/rover/models/rover.gazebo
/home/juddbe/AutoRover/install/rover/share/rover/worlds/rover.world
/home/juddbe/AutoRover/install/rover/share/rover/worlds/moon.sdf
/home/juddbe/AutoRover/install/rover/share/rover/worlds/test.sdf
/home/juddbe/AutoRover/install/rover/share/rover/launch/rover.launch.py
/home/juddbe/AutoRover/install/rover/share/rover/config/ekf_config.yaml
/home/juddbe/AutoRover/install/rover/lib/python3.12/site-packages/rover-1.0.0-py3.12.egg-info/requires.txt
/home/juddbe/AutoRover/install/rover/lib/python3.12/site-packages/rover-1.0.0-py3.12.egg-info/dependency_links.txt
/home/juddbe/AutoRover/install/rover/lib/python3.12/site-packages/rover-1.0.0-py3.12.egg-info/top_level.txt
/home/juddbe/AutoRover/install/rover/lib/python3.12/site-packages/rover-1.0.0-py3.12.egg-info/zip-safe
/home/juddbe/AutoRover/install/rover/lib/python3.12/site-packages/rover-1.0.0-py3.12.egg-info/SOURCES.txt
/home/juddbe/AutoRover/install/rover/lib/python3.12/site-packages/rover-1.0.0-py3.12.egg-info/entry_points.txt
/home/juddbe/AutoRover/install/rover/lib/python3.12/site-packages/rover-1.0.0-py3.12.egg-info/PKG-INFO
/home/juddbe/AutoRover/install/rover/lib/rover/controller
/home/juddbe/AutoRover/install/rover/lib/rover/localization
/home/juddbe/AutoRover/install/rover/lib/rover/mapping
/home/juddbe/AutoRover/install/rover/lib/rover/path_planning
/home/juddbe/AutoRover/install/rover/lib/rover/path_tracking
